foodordering_wear/build/intermediates/manifest_merge_blame_file/debug/manifest-merger-blame-debug-report.txt
1<?xml version="1.0" encoding="utf-8"?>
2<manifest xmlns:android="http://schemas.android.com/apk/res/android"
3    package="com.example.foodordering_wear"
4    android:versionCode="1"
5    android:versionName="1.0" >
6
7    <uses-sdk
8        android:minSdkVersion="28"
8-->src/main/AndroidManifest.xml
9        android:targetSdkVersion="29" />
9-->src/main/AndroidManifest.xml
10
11    <uses-permission android:name="android.permission.WAKE_LOCK" />
11-->src/main/AndroidManifest.xml:5:5-68
11-->src/main/AndroidManifest.xml:5:22-65
12    <uses-permission android:name="android.permission.ACCESS_NETWORK_STATE" />
12-->src/main/AndroidManifest.xml:6:5-78
12-->src/main/AndroidManifest.xml:6:22-76
13    <uses-permission android:name="android.permission.INTERNET" />
13-->src/main/AndroidManifest.xml:7:5-67
13-->src/main/AndroidManifest.xml:7:22-64
14    <uses-permission android:name="android.permission.ACCESS_NETWORK_STATE" />
14-->src/main/AndroidManifest.xml:6:5-78
14-->src/main/AndroidManifest.xml:6:22-76
15
16    <uses-feature android:name="android.hardware.type.watch" />
16-->src/main/AndroidManifest.xml:10:5-64
16-->src/main/AndroidManifest.xml:10:19-61
17
18    <application
18-->src/main/AndroidManifest.xml:12:5-42:19
19        android:allowBackup="true"
19-->src/main/AndroidManifest.xml:13:9-35
20        android:appComponentFactory="androidx.core.app.CoreComponentFactory"
20-->[androidx.core:core:1.1.0] AndroidManifest.xml:24:18-86
21        android:debuggable="true"
22        android:icon="@mipmap/ic_launcher"
22-->src/main/AndroidManifest.xml:14:9-43
23        android:label="@string/app_name"
23-->src/main/AndroidManifest.xml:15:9-41
24        android:supportsRtl="true"
24-->src/main/AndroidManifest.xml:16:9-35
25        android:theme="@style/AppTheme.FullScreen"
25-->src/main/AndroidManifest.xml:19:9-51
26        android:usesCleartextTraffic="true" >
26-->src/main/AndroidManifest.xml:18:9-44
27        <activity android:name="com.example.foodordering_wear.DashbaordActivity" />
27-->src/main/AndroidManifest.xml:20:9-64
27-->src/main/AndroidManifest.xml:20:19-52
28
29        <uses-library
29-->src/main/AndroidManifest.xml:22:9-24:39
30            android:name="com.google.android.wearable"
30-->src/main/AndroidManifest.xml:23:13-55
31            android:required="true" />
31-->src/main/AndroidManifest.xml:24:13-36
32        <!--
33               Set to true if your app is Standalone, that is, it does not require the handheld
34               app to run.
35        -->
36        <meta-data
36-->src/main/AndroidManifest.xml:29:9-31:36
37            android:name="com.google.android.wearable.standalone"
37-->src/main/AndroidManifest.xml:30:13-66
38            android:value="true" />
38-->src/main/AndroidManifest.xml:31:13-33
39
40        <activity
40-->src/main/AndroidManifest.xml:33:9-41:20
41            android:name="com.example.foodordering_wear.MainActivity"
41-->src/main/AndroidManifest.xml:34:13-41
42            android:label="@string/app_name" >
42-->src/main/AndroidManifest.xml:35:13-45
43            <intent-filter>
43-->src/main/AndroidManifest.xml:36:13-40:29
44                <action android:name="android.intent.action.MAIN" />
44-->src/main/AndroidManifest.xml:37:17-69
44-->src/main/AndroidManifest.xml:37:25-66
45
46                <category android:name="android.intent.category.LAUNCHER" />
46-->src/main/AndroidManifest.xml:39:17-77
46-->src/main/AndroidManifest.xml:39:27-74
47            </intent-filter>
48        </activity>
49        <activity
49-->[com.google.android.gms:play-services-base:16.0.1] AndroidManifest.xml:23:9-26:75
50            android:name="com.google.android.gms.common.api.GoogleApiActivity"
50-->[com.google.android.gms:play-services-base:16.0.1] AndroidManifest.xml:24:13-79
51            android:exported="false"
51-->[com.google.android.gms:play-services-base:16.0.1] AndroidManifest.xml:25:13-37
52            android:theme="@android:style/Theme.Translucent.NoTitleBar" />
52-->[com.google.android.gms:play-services-base:16.0.1] AndroidManifest.xml:26:13-72
53
54        <meta-data
54-->[com.google.android.gms:play-services-basement:16.0.1] AndroidManifest.xml:23:9-25:69
55            android:name="com.google.android.gms.version"
55-->[com.google.android.gms:play-services-basement:16.0.1] AndroidManifest.xml:24:13-58
56            android:value="@integer/google_play_services_version" />
56-->[com.google.android.gms:play-services-basement:16.0.1] AndroidManifest.xml:25:13-66
57    </application>
58
59</manifest>